<?xml version="1.0" encoding="UTF-8"?>
<testsuite xmlns:xsi="http://www.w3.org/2001/XMLSchema-instance" xsi:noNamespaceSchemaLocation="https://maven.apache.org/surefire/maven-surefire-plugin/xsd/surefire-test-report.xsd" name="testss.etsss.AppTest" time="0.161" tests="5" errors="0" skipped="0" failures="3">
  <properties>
[...]
</properties>
  <testcase name="testDoFizzBuzz_NumberNonDivisbleBy3Nor5_ShouldReturnNumber" classname="testss.etsss.AppTest" time="0.007"/>
  <testcase name="testDoFizzBuzz_NumberDivisibleBy5_ShouldReturnBuzz" classname="testss.etsss.AppTest" time="0.027">
    <failure message="expected:&lt;[Buzz]&gt; but was:&lt;[]&gt;" type="org.junit.ComparisonFailure"><![CDATA[org.junit.ComparisonFailure: expected:<[Buzz]> but was:<[]>
	at testss.etsss.AppTest.testDoFizzBuzz_NumberDivisibleBy5_ShouldReturnBuzz(AppTest.java:47)
]]></failure>
  </testcase>
  <testcase name="testDoFizzBuzz_NumberDivisbleBy3And5_ShouldReturnFizzBuzz" classname="testss.etsss.AppTest" time="0.002">
    <failure message="expected:&lt;[FizzBuzz]&gt; but was:&lt;[]&gt;" type="org.junit.ComparisonFailure"><![CDATA[org.junit.ComparisonFailure: expected:<[FizzBuzz]> but was:<[]>
	at testss.etsss.AppTest.testDoFizzBuzz_NumberDivisbleBy3And5_ShouldReturnFizzBuzz(AppTest.java:61)
]]></failure>
  </testcase>
  <testcase name="shouldAnswerWithTrue" classname="testss.etsss.AppTest" time="0"/>
  <testcase name="testDoFizzBuzz_NumberDivisibleBy3_ShouldReturnFizz" classname="testss.etsss.AppTest" time="0.007">
    <failure message="expected:&lt;[Fizz]&gt; but was:&lt;[]&gt;" type="org.junit.ComparisonFailure"><![CDATA[org.junit.ComparisonFailure: expected:<[Fizz]> but was:<[]>
	at testss.etsss.AppTest.testDoFizzBuzz_NumberDivisibleBy3_ShouldReturnFizz(AppTest.java:33)
]]></failure>
  </testcase>
</testsuite>