<?xml version="1.0" encoding="UTF-8"?>
<testsuite xmlns:xsi="http://www.w3.org/2001/XMLSchema-instance" xsi:noNamespaceSchemaLocation="https://maven.apache.org/surefire/maven-surefire-plugin/xsd/surefire-test-report.xsd" name="testss.etsss.AppTest" time="0.161" tests="5" errors="0" skipped="0" failures="3">
  <properties>
    <property name="java.specification.version" value="15"/>
    <property name="sun.cpu.isalist" value="amd64"/>
    <property name="sun.jnu.encoding" value="Cp1252"/>
    <property name="java.class.path" value="D:\workspace\etsss\target\test-classes;D:\workspace\etsss\target\classes;C:\Users\Clément\.m2\repository\junit\junit\4.11\junit-4.11.jar;C:\Users\Clément\.m2\repository\org\hamcrest\hamcrest-core\1.3\hamcrest-core-1.3.jar;"/>
    <property name="java.vm.vendor" value="Oracle Corporation"/>
    <property name="sun.arch.data.model" value="64"/>
    <property name="user.variant" value=""/>
    <property name="java.vendor.url" value="https://java.oracle.com/"/>
    <property name="user.timezone" value="Europe/Paris"/>
    <property name="os.name" value="Windows 10"/>
    <property name="java.vm.specification.version" value="15"/>
    <property name="sun.java.launcher" value="SUN_STANDARD"/>
    <property name="user.country" value="FR"/>
    <property name="sun.boot.library.path" value="C:\Users\Clément\.p2\pool\plugins\org.eclipse.justj.openjdk.hotspot.jre.full.win32.x86_64_15.0.1.v20201027-0507\jre\bin"/>
    <property name="sun.java.command" value="C:\Users\CLMENT~1\AppData\Local\Temp\surefire15090671161303265286\surefirebooter11210330711745602165.jar C:\Users\Clément\AppData\Local\Temp\surefire15090671161303265286 2022-02-24T14-28-50_559-jvmRun1 surefire2640565886887788276tmp surefire_018400748270510584248tmp"/>
    <property name="jdk.debug" value="release"/>
    <property name="surefire.test.class.path" value="D:\workspace\etsss\target\test-classes;D:\workspace\etsss\target\classes;C:\Users\Clément\.m2\repository\junit\junit\4.11\junit-4.11.jar;C:\Users\Clément\.m2\repository\org\hamcrest\hamcrest-core\1.3\hamcrest-core-1.3.jar;"/>
    <property name="sun.cpu.endian" value="little"/>
    <property name="user.home" value="C:\Users\Clément"/>
    <property name="user.language" value="fr"/>
    <property name="java.specification.vendor" value="Oracle Corporation"/>
    <property name="java.version.date" value="2020-10-20"/>
    <property name="java.home" value="C:\Users\Clément\.p2\pool\plugins\org.eclipse.justj.openjdk.hotspot.jre.full.win32.x86_64_15.0.1.v20201027-0507\jre"/>
    <property name="file.separator" value="\"/>
    <property name="basedir" value="D:\workspace\etsss"/>
    <property name="java.vm.compressedOopsMode" value="Zero based"/>
    <property name="line.separator" value="&#10;"/>
    <property name="java.vm.specification.vendor" value="Oracle Corporation"/>
    <property name="java.specification.name" value="Java Platform API Specification"/>
    <property name="surefire.real.class.path" value="C:\Users\CLMENT~1\AppData\Local\Temp\surefire15090671161303265286\surefirebooter11210330711745602165.jar"/>
    <property name="user.script" value=""/>
    <property name="sun.management.compiler" value="HotSpot 64-Bit Tiered Compilers"/>
    <property name="java.runtime.version" value="15.0.1+9-18"/>
    <property name="user.name" value="Clément"/>
    <property name="path.separator" value=";"/>
    <property name="os.version" value="10.0"/>
    <property name="java.runtime.name" value="OpenJDK Runtime Environment"/>
    <property name="file.encoding" value="Cp1252"/>
    <property name="java.vm.name" value="OpenJDK 64-Bit Server VM"/>
    <property name="localRepository" value="C:\Users\Clément\.m2\repository"/>
    <property name="java.vendor.url.bug" value="https://bugreport.java.com/bugreport/"/>
    <property name="java.io.tmpdir" value="C:\Users\CLMENT~1\AppData\Local\Temp\"/>
    <property name="java.version" value="15.0.1"/>
    <property name="user.dir" value="D:\workspace\etsss"/>
    <property name="os.arch" value="amd64"/>
    <property name="java.vm.specification.name" value="Java Virtual Machine Specification"/>
    <property name="sun.os.patch.level" value=""/>
    <property name="java.library.path" value="C:\Users\Clément\.p2\pool\plugins\org.eclipse.justj.openjdk.hotspot.jre.full.win32.x86_64_15.0.1.v20201027-0507\jre\bin;C:\Windows\Sun\Java\bin;C:\Windows\system32;C:\Windows;C:/Users/Clément/.p2/pool/plugins/org.eclipse.justj.openjdk.hotspot.jre.full.win32.x86_64_15.0.1.v20201027-0507/jre/bin/server;C:/Users/Clément/.p2/pool/plugins/org.eclipse.justj.openjdk.hotspot.jre.full.win32.x86_64_15.0.1.v20201027-0507/jre/bin;C:\oraclexe\app\oracle\product\11.2.0\server\bin;C:\Windows\system32;C:\Windows;C:\Windows\System32\Wbem;C:\Windows\System32\WindowsPowerShell\v1.0\;C:\Windows\System32\OpenSSH\;C:\Program Files (x86)\Intel\Intel(R) Management Engine Components\DAL;C:\Program Files\Intel\Intel(R) Management Engine Components\DAL;C:\Program Files\Microsoft SQL Server\130\Tools\Binn\;C:\Program Files\Docker\Docker\resources\bin;C:\ProgramData\DockerDesktop\version-bin;D:\Git\cmd;D:\nodejs\;C:\Program Files\dotnet\;C:\Program Files\Microsoft SQL Server\Client SDK\ODBC\170\Tools\Binn\;D:\Python\Scripts\;D:\Python\;C:\Users\Clément\AppData\Local\Microsoft\WindowsApps;;C:\Users\Clément\AppData\Local\Programs\Microsoft VS Code\bin;C:\Users\Clément\AppData\Roaming\npm;C:\Users\Clément\.dotnet\tools;C:\Windows\System32;;."/>
    <property name="java.vm.info" value="mixed mode"/>
    <property name="java.vendor" value="Oracle Corporation"/>
    <property name="java.vm.version" value="15.0.1+9-18"/>
    <property name="sun.io.unicode.encoding" value="UnicodeLittle"/>
    <property name="java.class.version" value="59.0"/>
  </properties>
  <testcase name="testDoFizzBuzz_NumberNonDivisbleBy3Nor5_ShouldReturnNumber" classname="testss.etsss.AppTest" time="0.007"/>
  <testcase name="testDoFizzBuzz_NumberDivisibleBy5_ShouldReturnBuzz" classname="testss.etsss.AppTest" time="0.027">
    <failure message="expected:&lt;[Buzz]&gt; but was:&lt;[]&gt;" type="org.junit.ComparisonFailure"><![CDATA[org.junit.ComparisonFailure: expected:<[Buzz]> but was:<[]>
	at testss.etsss.AppTest.testDoFizzBuzz_NumberDivisibleBy5_ShouldReturnBuzz(AppTest.java:47)
]]></failure>
  </testcase>
  <testcase name="testDoFizzBuzz_NumberDivisbleBy3And5_ShouldReturnFizzBuzz" classname="testss.etsss.AppTest" time="0.002">
    <failure message="expected:&lt;[FizzBuzz]&gt; but was:&lt;[]&gt;" type="org.junit.ComparisonFailure"><![CDATA[org.junit.ComparisonFailure: expected:<[FizzBuzz]> but was:<[]>
	at testss.etsss.AppTest.testDoFizzBuzz_NumberDivisbleBy3And5_ShouldReturnFizzBuzz(AppTest.java:61)
]]></failure>
  </testcase>
  <testcase name="shouldAnswerWithTrue" classname="testss.etsss.AppTest" time="0"/>
  <testcase name="testDoFizzBuzz_NumberDivisibleBy3_ShouldReturnFizz" classname="testss.etsss.AppTest" time="0.007">
    <failure message="expected:&lt;[Fizz]&gt; but was:&lt;[]&gt;" type="org.junit.ComparisonFailure"><![CDATA[org.junit.ComparisonFailure: expected:<[Fizz]> but was:<[]>
	at testss.etsss.AppTest.testDoFizzBuzz_NumberDivisibleBy3_ShouldReturnFizz(AppTest.java:33)
]]></failure>
  </testcase>
</testsuite>